avr. 10, 2019 7:51:30 PM com.esgis.examjava.DAO procedureAjoutVolAvecControle
INFOS: Ficher /Applications/FichiersNonSynchro/master_irt/m2irt/Examens/examjava/data/central/VOL_AFRIQUE_CENTRAL.csv 

avr. 10, 2019 7:51:30 PM com.esgis.examjava.DAO procedureAjoutVolAvecControle
INFOS: Ficher /Applications/FichiersNonSynchro/master_irt/m2irt/Examens/examjava/data/ouest/VOL_AFRIQUE_OUEST.csv 

avr. 10, 2019 7:51:30 PM com.esgis.examjava.DAO procedureAjoutVolAvecControle
INFOS: Un enregistrement de vol à ce numéro existe ! Vol Numero 12 ou Référence Avion Avio1 dates départ Thu Nov 01 00:00:00 WAT 2018 et arrivée Wed Oct 31 00:00:00 WAT 2018
avr. 10, 2019 7:51:30 PM com.esgis.examjava.DAO procedureAjoutVolAvecControle
INFOS: ============================================================ 
 
avr. 10, 2019 7:51:30 PM com.esgis.examjava.DAO procedureAjoutVolAvecControle
INFOS: Un enregistrement de vol à ce numéro existe ! Vol Numero 12 ou Référence Avion Avio1 dates départ Thu Aug 01 00:00:00 WAT 2019 et arrivée Sat Aug 31 00:00:00 WAT 2019
avr. 10, 2019 7:51:30 PM com.esgis.examjava.DAO procedureAjoutVolAvecControle
INFOS: ============================================================ 
 
avr. 10, 2019 7:51:30 PM com.esgis.examjava.DAO procedureAjoutVolAvecControle
INFOS: Ficher /Applications/FichiersNonSynchro/master_irt/m2irt/Examens/examjava/data/central/VOL_AFRIQUE_CENTRAL.csv 

avr. 10, 2019 7:51:30 PM com.esgis.examjava.DAO procedureAjoutVolAvecControle
INFOS: Ficher /Applications/FichiersNonSynchro/master_irt/m2irt/Examens/examjava/data/ouest/VOL_AFRIQUE_OUEST.csv 

avr. 10, 2019 7:51:30 PM com.esgis.examjava.DAO procedureAjoutVolAvecControle
INFOS: Un enregistrement de vol à ce numéro existe ! Vol Numero 13 ou Référence Avion Avio33 dates départ Thu Aug 15 00:00:00 WAT 2019 et arrivée Thu Aug 16 00:00:00 WAT 2018
avr. 10, 2019 7:51:30 PM com.esgis.examjava.DAO procedureAjoutVolAvecControle
INFOS: Un enregistrement de vol à ce numéro existe ! Vol Numero 13 ou Référence Avion Avio33 dates départ Thu Aug 01 00:00:00 WAT 2019 et arrivée Sat Aug 31 00:00:00 WAT 2019
avr. 10, 2019 7:51:30 PM com.esgis.examjava.DAO procedureAjoutVolAvecControle
INFOS: ============================================================ 
 
avr. 10, 2019 7:51:30 PM com.esgis.examjava.DAO procedureAjoutVolAvecControle
INFOS: ============================================================ 
 
avr. 10, 2019 7:51:30 PM com.esgis.examjava.DAO procedureAjoutVolAvecControle
INFOS: Ficher /Applications/FichiersNonSynchro/master_irt/m2irt/Examens/examjava/data/central/VOL_AMERIQUE_CENTRAL.csv 

avr. 10, 2019 7:51:30 PM com.esgis.examjava.DAO procedureAjoutVolAvecControle
INFOS: Ficher /Applications/FichiersNonSynchro/master_irt/m2irt/Examens/examjava/data/ouest/VOL_AMERIQUE_OUEST.csv 

avr. 10, 2019 7:51:30 PM com.esgis.examjava.DAO procedureAjoutVolAvecControle
INFOS: Un enregistrement de vol à ce numéro existe ! Vol Numero 21 ou Référence Avion Avio42 dates départ Wed Oct 30 00:00:00 WAT 2019 et arrivée Thu Oct 31 00:00:00 WAT 2019
avr. 10, 2019 7:51:30 PM com.esgis.examjava.DAO procedureAjoutVolAvecControle
INFOS: Un enregistrement de vol à ce numéro existe ! Vol Numero 11 ou Référence Avion Avio102 dates départ Thu Aug 01 00:00:00 WAT 2019 et arrivée Sat Aug 31 00:00:00 WAT 2019
avr. 10, 2019 7:51:30 PM com.esgis.examjava.DAO procedureAjoutVolAvecControle
INFOS: ============================================================ 
 
avr. 10, 2019 7:51:30 PM com.esgis.examjava.DAO procedureAjoutVolAvecControle
INFOS: ============================================================ 
 
avr. 10, 2019 7:51:30 PM com.esgis.examjava.DAO procedureAjoutVolAvecControle
INFOS: Ficher /Applications/FichiersNonSynchro/master_irt/m2irt/Examens/examjava/data/central/VOL_AMERIQUE_CENTRAL.csv 

avr. 10, 2019 7:51:30 PM com.esgis.examjava.DAO procedureAjoutVolAvecControle
INFOS: Un enregistrement de vol à ce numéro existe ! Vol Numero 34 ou Référence Avion Avio53 dates départ Fri Aug 30 00:00:00 WAT 2019 et arrivée Tue Oct 01 00:00:00 WAT 2019
avr. 10, 2019 7:51:30 PM com.esgis.examjava.DAO procedureAjoutVolAvecControle
INFOS: ============================================================ 
 
avr. 10, 2019 7:51:30 PM com.esgis.examjava.DAO procedureAjoutVolAvecControle
INFOS: Ficher /Applications/FichiersNonSynchro/master_irt/m2irt/Examens/examjava/data/ouest/VOL_AMERIQUE_OUEST.csv 

avr. 10, 2019 7:51:30 PM com.esgis.examjava.DAO procedureAjoutVolAvecControle
INFOS: Un enregistrement de vol à ce numéro existe ! Vol Numero 34 ou Référence Avion Avio33 dates départ Thu Aug 01 00:00:00 WAT 2019 et arrivée Sat Aug 31 00:00:00 WAT 2019
avr. 10, 2019 7:51:30 PM com.esgis.examjava.DAO procedureAjoutVolAvecControle
INFOS: ============================================================ 
 
